Start testing: Apr 06 22:00 MDT
----------------------------------------------------------
1/1 Testing: test_ctdms
1/1 Test: test_ctdms
Command: "/Users/troy/Documents/ctdms/build/test_ctdms"
Directory: /Users/troy/Documents/ctdms/build
"test_ctdms" start time: Apr 06 22:00 MDT
Output:
----------------------------------------------------------
ctdms tests:
  TEST: test_error_strings                                 PASS
  TEST: test_type_sizes                                    PASS
  TEST: test_null_handling                                 PASS
  TEST: test_open_nonexistent                              PASS
  TEST: test_version                                       PASS
  TEST: test_read_minimal_tdms                             PASS
  TEST: test_multi_segment                                 PASS
  TEST: test_two_channels                                  PASS

8/8 tests passed
<end of output>
Test time =   0.34 sec
----------------------------------------------------------
Test Passed.
"test_ctdms" end time: Apr 06 22:00 MDT
"test_ctdms" time elapsed: 00:00:00
----------------------------------------------------------

End testing: Apr 06 22:00 MDT
